Warning[2054] C:\Embedded Systems\Labs\Smart Clock\main.c 486 : suspicious pointer conversion
Warning[2054] C:\Embedded Systems\Labs\Smart Clock\main.c 491 : suspicious pointer conversion
Warning[2054] C:\Embedded Systems\Labs\Smart Clock\main.c 498 : suspicious pointer conversion
Warning[2066] C:\Embedded Systems\Labs\Smart Clock\main.c 498 : type qualifier mismatch in assignment
Warning[2054] C:\Embedded Systems\Labs\Smart Clock\main.c 499 : suspicious pointer conversion
Warning[2054] C:\Embedded Systems\Labs\Smart Clock\main.c 500 : suspicious pointer conversion
Warning[2066] C:\Embedded Systems\Labs\Smart Clock\main.c 500 : type qualifier mismatch in assignment
Warning[2054] C:\Embedded Systems\Labs\Smart Clock\main.c 501 : suspicious pointer conversion
Warning[2054] C:\Embedded Systems\Labs\Smart Clock\main.c 505 : suspicious pointer conversion
Warning[2066] C:\Embedded Systems\Labs\Smart Clock\main.c 505 : type qualifier mismatch in assignment
Warning[2054] C:\Embedded Systems\Labs\Smart Clock\main.c 506 : suspicious pointer conversion
Warning[2054] C:\Embedded Systems\Labs\Smart Clock\main.c 511 : suspicious pointer conversion
Warning[2066] C:\Embedded Systems\Labs\Smart Clock\main.c 511 : type qualifier mismatch in assignment
Warning[2054] C:\Embedded Systems\Labs\Smart Clock\main.c 513 : suspicious pointer conversion
Warning[2066] C:\Embedded Systems\Labs\Smart Clock\main.c 513 : type qualifier mismatch in assignment
Warning[2054] C:\Embedded Systems\Labs\Smart Clock\main.c 515 : suspicious pointer conversion
Warning[2066] C:\Embedded Systems\Labs\Smart Clock\main.c 515 : type qualifier mismatch in assignment
Warning[2054] C:\Embedded Systems\Labs\Smart Clock\main.c 516 : suspicious pointer conversion
Warning[2066] C:\Embedded Systems\Labs\Smart Clock\main.c 520 : type qualifier mismatch in assignment
Warning[2054] C:\Embedded Systems\Labs\Smart Clock\main.c 521 : suspicious pointer conversion
Warning[2066] C:\Embedded Systems\Labs\Smart Clock\main.c 525 : type qualifier mismatch in assignment
Warning[2054] C:\Embedded Systems\Labs\Smart Clock\main.c 526 : suspicious pointer conversion
Warning[2066] C:\Embedded Systems\Labs\Smart Clock\main.c 530 : type qualifier mismatch in assignment
Warning[2054] C:\Embedded Systems\Labs\Smart Clock\main.c 531 : suspicious pointer conversion
Warning[2054] C:\Embedded Systems\Labs\Smart Clock\main.c 532 : suspicious pointer conversion
Warning[2058] C:\Embedded Systems\Labs\Smart Clock\main.c 539 : call of function without prototype
Warning[2058] C:\Embedded Systems\Labs\Smart Clock\main.c 540 : call of function without prototype
Warning[2066] C:\Embedded Systems\Labs\Smart Clock\main.c 543 : type qualifier mismatch in assignment
Warning[2054] C:\Embedded Systems\Labs\Smart Clock\main.c 544 : suspicious pointer conversion
Warning[2066] C:\Embedded Systems\Labs\Smart Clock\main.c 555 : type qualifier mismatch in assignment
Warning[2054] C:\Embedded Systems\Labs\Smart Clock\main.c 556 : suspicious pointer conversion
Warning[2054] C:\Embedded Systems\Labs\Smart Clock\main.c 557 : suspicious pointer conversion
Warning[2066] C:\Embedded Systems\Labs\Smart Clock\main.c 558 : type qualifier mismatch in assignment
Warning[2054] C:\Embedded Systems\Labs\Smart Clock\main.c 559 : suspicious pointer conversion
Warning[2054] C:\Embedded Systems\Labs\Smart Clock\main.c 560 : suspicious pointer conversion
Warning[2058] C:\Embedded Systems\Labs\Smart Clock\main.c 564 : call of function without prototype
Warning[2058] C:\Embedded Systems\Labs\Smart Clock\main.c 565 : call of function without prototype
Warning[2052] C:\Embedded Systems\Labs\Smart Clock\main.c 566 : unexpected return value
Warning[2058] C:\Embedded Systems\Labs\Smart Clock\main.c 570 : call of function without prototype
Warning[2058] C:\Embedded Systems\Labs\Smart Clock\main.c 575 : call of function without prototype
Warning[2052] C:\Embedded Systems\Labs\Smart Clock\main.c 576 : unexpected return value
Warning[2058] C:\Embedded Systems\Labs\Smart Clock\main.c 582 : call of function without prototype
Warning[2052] C:\Embedded Systems\Labs\Smart Clock\main.c 583 : unexpected return value
Warning[2058] C:\Embedded Systems\Labs\Smart Clock\main.c 593 : call of function without prototype
Warning[2058] C:\Embedded Systems\Labs\Smart Clock\main.c 594 : call of function without prototype
Warning[2066] C:\Embedded Systems\Labs\Smart Clock\main.c 598 : type qualifier mismatch in assignment
Warning[2054] C:\Embedded Systems\Labs\Smart Clock\main.c 599 : suspicious pointer conversion
Warning[2066] C:\Embedded Systems\Labs\Smart Clock\main.c 610 : type qualifier mismatch in assignment
Warning[2054] C:\Embedded Systems\Labs\Smart Clock\main.c 611 : suspicious pointer conversion
Warning[2054] C:\Embedded Systems\Labs\Smart Clock\main.c 612 : suspicious pointer conversion
Warning[2066] C:\Embedded Systems\Labs\Smart Clock\main.c 613 : type qualifier mismatch in assignment
Warning[2054] C:\Embedded Systems\Labs\Smart Clock\main.c 614 : suspicious pointer conversion
Warning[2054] C:\Embedded Systems\Labs\Smart Clock\main.c 615 : suspicious pointer conversion
Warning[2058] C:\Embedded Systems\Labs\Smart Clock\main.c 619 : call of function without prototype
Warning[2058] C:\Embedded Systems\Labs\Smart Clock\main.c 620 : call of function without prototype
Warning[2052] C:\Embedded Systems\Labs\Smart Clock\main.c 621 : unexpected return value
Warning[2058] C:\Embedded Systems\Labs\Smart Clock\main.c 625 : call of function without prototype
Warning[2058] C:\Embedded Systems\Labs\Smart Clock\main.c 629 : call of function without prototype
Warning[2052] C:\Embedded Systems\Labs\Smart Clock\main.c 630 : unexpected return value
Warning[2058] C:\Embedded Systems\Labs\Smart Clock\main.c 635 : call of function without prototype
Warning[2052] C:\Embedded Systems\Labs\Smart Clock\main.c 636 : unexpected return value
Warning[2066] C:\Embedded Systems\Labs\Smart Clock\main.c 645 : type qualifier mismatch in assignment
Warning[2054] C:\Embedded Systems\Labs\Smart Clock\main.c 646 : suspicious pointer conversion
Warning[2066] C:\Embedded Systems\Labs\Smart Clock\main.c 647 : type qualifier mismatch in assignment
Warning[2054] C:\Embedded Systems\Labs\Smart Clock\main.c 648 : suspicious pointer conversion
Warning[2066] C:\Embedded Systems\Labs\Smart Clock\main.c 649 : type qualifier mismatch in assignment
Warning[2054] C:\Embedded Systems\Labs\Smart Clock\main.c 650 : suspicious pointer conversion
Warning[2066] C:\Embedded Systems\Labs\Smart Clock\main.c 657 : type qualifier mismatch in assignment
Warning[2054] C:\Embedded Systems\Labs\Smart Clock\main.c 658 : suspicious pointer conversion
Warning[2066] C:\Embedded Systems\Labs\Smart Clock\main.c 662 : type qualifier mismatch in assignment
Warning[2054] C:\Embedded Systems\Labs\Smart Clock\main.c 663 : suspicious pointer conversion
Warning[2054] C:\Embedded Systems\Labs\Smart Clock\main.c 770 : suspicious pointer conversion
Warning[2066] C:\Embedded Systems\Labs\Smart Clock\main.c 770 : type qualifier mismatch in assignment
Warning[2054] C:\Embedded Systems\Labs\Smart Clock\main.c 771 : suspicious pointer conversion
Warning[2054] C:\Embedded Systems\Labs\Smart Clock\main.c 773 : suspicious pointer conversion
Warning[2066] C:\Embedded Systems\Labs\Smart Clock\main.c 773 : type qualifier mismatch in assignment
Warning[2054] C:\Embedded Systems\Labs\Smart Clock\main.c 774 : suspicious pointer conversion
Warning[2054] C:\Embedded Systems\Labs\Smart Clock\main.c 778 : suspicious pointer conversion
Warning[2066] C:\Embedded Systems\Labs\Smart Clock\main.c 778 : type qualifier mismatch in assignment
Warning[2054] C:\Embedded Systems\Labs\Smart Clock\main.c 779 : suspicious pointer conversion
Warning[2054] C:\Embedded Systems\Labs\Smart Clock\main.c 784 : suspicious pointer conversion
Warning[2066] C:\Embedded Systems\Labs\Smart Clock\main.c 784 : type qualifier mismatch in assignment
Warning[2054] C:\Embedded Systems\Labs\Smart Clock\main.c 786 : suspicious pointer conversion
Warning[2066] C:\Embedded Systems\Labs\Smart Clock\main.c 786 : type qualifier mismatch in assignment
Warning[2054] C:\Embedded Systems\Labs\Smart Clock\main.c 788 : suspicious pointer conversion
Warning[2066] C:\Embedded Systems\Labs\Smart Clock\main.c 788 : type qualifier mismatch in assignment
Warning[2054] C:\Embedded Systems\Labs\Smart Clock\main.c 789 : suspicious pointer conversion
Warning[2058] C:\Embedded Systems\Labs\Smart Clock\main.c 801 : call of function without prototype
Warning[2058] C:\Embedded Systems\Labs\Smart Clock\main.c 802 : call of function without prototype
Warning[2066] C:\Embedded Systems\Labs\Smart Clock\main.c 805 : type qualifier mismatch in assignment
Warning[2054] C:\Embedded Systems\Labs\Smart Clock\main.c 806 : suspicious pointer conversion
Warning[2066] C:\Embedded Systems\Labs\Smart Clock\main.c 809 : type qualifier mismatch in assignment
Warning[2058] C:\Embedded Systems\Labs\Smart Clock\main.c 814 : call of function without prototype
Warning[2052] C:\Embedded Systems\Labs\Smart Clock\main.c 815 : unexpected return value
Warning[2054] C:\Embedded Systems\Labs\Smart Clock\main.c 819 : suspicious pointer conversion
Warning[2054] C:\Embedded Systems\Labs\Smart Clock\main.c 832 : suspicious pointer conversion
Warning[2054] C:\Embedded Systems\Labs\Smart Clock\main.c 845 : suspicious pointer conversion
Warning[2058] C:\Embedded Systems\Labs\Smart Clock\main.c 861 : call of function without prototype
Warning[2052] C:\Embedded Systems\Labs\Smart Clock\main.c 862 : unexpected return value
Warning[2058] C:\Embedded Systems\Labs\Smart Clock\main.c 871 : call of function without prototype
Warning[2058] C:\Embedded Systems\Labs\Smart Clock\main.c 878 : call of function without prototype
Warning[2058] C:\Embedded Systems\Labs\Smart Clock\main.c 938 : call of function without prototype
Warning[2058] C:\Embedded Systems\Labs\Smart Clock\main.c 939 : call of function without prototype
Warning[2066] C:\Embedded Systems\Labs\Smart Clock\main.c 942 : type qualifier mismatch in assignment
Warning[2054] C:\Embedded Systems\Labs\Smart Clock\main.c 943 : suspicious pointer conversion
Warning[2066] C:\Embedded Systems\Labs\Smart Clock\main.c 944 : type qualifier mismatch in assignment
Warning[2054] C:\Embedded Systems\Labs\Smart Clock\main.c 945 : suspicious pointer conversion
Warning[2066] C:\Embedded Systems\Labs\Smart Clock\main.c 946 : type qualifier mismatch in assignment
Warning[2054] C:\Embedded Systems\Labs\Smart Clock\main.c 947 : suspicious pointer conversion
Warning[2066] C:\Embedded Systems\Labs\Smart Clock\main.c 949 : type qualifier mismatch in assignment
Warning[2058] C:\Embedded Systems\Labs\Smart Clock\main.c 954 : call of function without prototype
Warning[2052] C:\Embedded Systems\Labs\Smart Clock\main.c 955 : unexpected return value
Warning[2054] C:\Embedded Systems\Labs\Smart Clock\main.c 959 : suspicious pointer conversion
Warning[2054] C:\Embedded Systems\Labs\Smart Clock\main.c 970 : suspicious pointer conversion
Warning[2058] C:\Embedded Systems\Labs\Smart Clock\main.c 985 : call of function without prototype
Warning[2052] C:\Embedded Systems\Labs\Smart Clock\main.c 986 : unexpected return value
Warning[2058] C:\Embedded Systems\Labs\Smart Clock\main.c 993 : call of function without prototype
Warning[2058] C:\Embedded Systems\Labs\Smart Clock\main.c 999 : call of function without prototype
Warning[2066] C:\Embedded Systems\Labs\Smart Clock\main.c 1011 : type qualifier mismatch in assignment
Warning[2054] C:\Embedded Systems\Labs\Smart Clock\main.c 1012 : suspicious pointer conversion
Warning[2066] C:\Embedded Systems\Labs\Smart Clock\main.c 1013 : type qualifier mismatch in assignment
Warning[2054] C:\Embedded Systems\Labs\Smart Clock\main.c 1014 : suspicious pointer conversion
Warning[2054] C:\Embedded Systems\Labs\Smart Clock\main.c 1016 : suspicious pointer conversion
Warning[2066] C:\Embedded Systems\Labs\Smart Clock\main.c 1017 : type qualifier mismatch in assignment
Warning[2054] C:\Embedded Systems\Labs\Smart Clock\main.c 1018 : suspicious pointer conversion
Warning[2054] C:\Embedded Systems\Labs\Smart Clock\main.c 1020 : suspicious pointer conversion
Warning[2066] C:\Embedded Systems\Labs\Smart Clock\main.c 1021 : type qualifier mismatch in assignment
Warning[2054] C:\Embedded Systems\Labs\Smart Clock\main.c 1022 : suspicious pointer conversion
Warning[2054] C:\Embedded Systems\Labs\Smart Clock\main.c 1024 : suspicious pointer conversion
Warning[2054] C:\Embedded Systems\Labs\Smart Clock\main.c 1026 : suspicious pointer conversion
Warning[2066] C:\Embedded Systems\Labs\Smart Clock\main.c 1035 : type qualifier mismatch in assignment
Warning[2054] C:\Embedded Systems\Labs\Smart Clock\main.c 1036 : suspicious pointer conversion
Warning[2058] C:\Embedded Systems\Labs\Smart Clock\main.c 1038 : call of function without prototype
Warning[2066] C:\Embedded Systems\Labs\Smart Clock\main.c 1044 : type qualifier mismatch in assignment
Warning[2054] C:\Embedded Systems\Labs\Smart Clock\main.c 1045 : suspicious pointer conversion
Warning[2066] C:\Embedded Systems\Labs\Smart Clock\main.c 1046 : type qualifier mismatch in assignment
Warning[2054] C:\Embedded Systems\Labs\Smart Clock\main.c 1047 : suspicious pointer conversion
Warning[2066] C:\Embedded Systems\Labs\Smart Clock\main.c 1049 : type qualifier mismatch in assignment
Warning[2058] C:\Embedded Systems\Labs\Smart Clock\main.c 1083 : call of function without prototype
Warning[2058] C:\Embedded Systems\Labs\Smart Clock\main.c 1084 : call of function without prototype
Warning[2058] C:\Embedded Systems\Labs\Smart Clock\main.c 1085 : call of function without prototype
Warning[2058] C:\Embedded Systems\Labs\Smart Clock\main.c 1086 : call of function without prototype
Warning[2058] C:\Embedded Systems\Labs\Smart Clock\main.c 1087 : call of function without prototype
Warning[2058] C:\Embedded Systems\Labs\Smart Clock\main.c 1090 : call of function without prototype
Warning[2058] C:\Embedded Systems\Labs\Smart Clock\main.c 1099 : call of function without prototype
Warning[2066] C:\Embedded Systems\Labs\Smart Clock\main.c 1102 : type qualifier mismatch in assignment
Warning[2054] C:\Embedded Systems\Labs\Smart Clock\main.c 1103 : suspicious pointer conversion
Warning[2066] C:\Embedded Systems\Labs\Smart Clock\main.c 1114 : type qualifier mismatch in assignment
Warning[2054] C:\Embedded Systems\Labs\Smart Clock\main.c 1115 : suspicious pointer conversion
Warning[2054] C:\Embedded Systems\Labs\Smart Clock\main.c 1116 : suspicious pointer conversion
Warning[2066] C:\Embedded Systems\Labs\Smart Clock\main.c 1117 : type qualifier mismatch in assignment
Warning[2054] C:\Embedded Systems\Labs\Smart Clock\main.c 1118 : suspicious pointer conversion
Warning[2054] C:\Embedded Systems\Labs\Smart Clock\main.c 1119 : suspicious pointer conversion
Warning[2066] C:\Embedded Systems\Labs\Smart Clock\main.c 1120 : type qualifier mismatch in assignment
Warning[2054] C:\Embedded Systems\Labs\Smart Clock\main.c 1121 : suspicious pointer conversion
Warning[2054] C:\Embedded Systems\Labs\Smart Clock\main.c 1122 : suspicious pointer conversion
Warning[2066] C:\Embedded Systems\Labs\Smart Clock\main.c 1123 : type qualifier mismatch in assignment
Warning[2054] C:\Embedded Systems\Labs\Smart Clock\main.c 1124 : suspicious pointer conversion
Warning[2054] C:\Embedded Systems\Labs\Smart Clock\main.c 1125 : suspicious pointer conversion
Warning[2066] C:\Embedded Systems\Labs\Smart Clock\main.c 1126 : type qualifier mismatch in assignment
Warning[2054] C:\Embedded Systems\Labs\Smart Clock\main.c 1127 : suspicious pointer conversion
Warning[2054] C:\Embedded Systems\Labs\Smart Clock\main.c 1128 : suspicious pointer conversion
Warning[2066] C:\Embedded Systems\Labs\Smart Clock\main.c 1129 : type qualifier mismatch in assignment
Warning[2054] C:\Embedded Systems\Labs\Smart Clock\main.c 1130 : suspicious pointer conversion
Warning[2054] C:\Embedded Systems\Labs\Smart Clock\main.c 1131 : suspicious pointer conversion
Warning[2058] C:\Embedded Systems\Labs\Smart Clock\main.c 1136 : call of function without prototype
Warning[2052] C:\Embedded Systems\Labs\Smart Clock\main.c 1140 : unexpected return value
Warning[2058] C:\Embedded Systems\Labs\Smart Clock\main.c 1161 : call of function without prototype
Warning[2058] C:\Embedded Systems\Labs\Smart Clock\main.c 1163 : call of function without prototype
Warning[2058] C:\Embedded Systems\Labs\Smart Clock\main.c 1165 : call of function without prototype
Warning[2058] C:\Embedded Systems\Labs\Smart Clock\main.c 1168 : call of function without prototype
Warning[2058] C:\Embedded Systems\Labs\Smart Clock\main.c 1174 : call of function without prototype
Warning[2058] C:\Embedded Systems\Labs\Smart Clock\main.c 1181 : call of function without prototype
Warning[2058] C:\Embedded Systems\Labs\Smart Clock\main.c 1187 : call of function without prototype
Warning[2058] C:\Embedded Systems\Labs\Smart Clock\main.c 1190 : call of function without prototype
Warning[2058] C:\Embedded Systems\Labs\Smart Clock\main.c 1191 : call of function without prototype
Warning[2058] C:\Embedded Systems\Labs\Smart Clock\main.c 1194 : call of function without prototype
Warning[2058] C:\Embedded Systems\Labs\Smart Clock\main.c 1199 : call of function without prototype
Warning[2058] C:\Embedded Systems\Labs\Smart Clock\main.c 1202 : call of function without prototype
Warning[2058] C:\Embedded Systems\Labs\Smart Clock\main.c 1211 : call of function without prototype
Warning[2058] C:\Embedded Systems\Labs\Smart Clock\main.c 1221 : call of function without prototype
Warning[2065] C:\Embedded Systems\Labs\Smart Clock\main.c 1221 : static function 'YourLowPriorityISRCode' never referenced
Warning[2065] C:\Embedded Systems\Labs\Smart Clock\main.c 1221 : static function 'YourHighPriorityISRCode' never referenced
Warning[2065] C:\Embedded Systems\Labs\Smart Clock\main.c 1221 : static function 'YourLowPriorityISRCode' never referenced
Warning[2065] C:\Embedded Systems\Labs\Smart Clock\main.c 1221 : static function 'YourHighPriorityISRCode' never referenced
Warning[2064] C:\Embedded Systems\Labs\Smart Clock\main.c 1221 : static function 'ProcessIO' not defined
